2026/04/30 20:40:14 or3-intern service listening on 100.82.202.111:9100
service error: listen tcp 100.82.202.111:9100: bind: address already in use
Service startup refused

What happened:
service startup refused: privileged-exec: privileged tools are enabled without Bubblewrap sandboxing; run `or3-intern doctor --fix --interactive` or fix the configuration manually

Fix:
Review the details and retry.

Try:
or3-intern status
service error: service startup refused: privileged-exec: privileged tools are enabled without Bubblewrap sandboxing; run `or3-intern doctor --fix --interactive` or fix the configuration manually
service error: service startup refused: privileged-exec: privileged tools are enabled without Bubblewrap sandboxing; run `or3-intern doctor --fix --interactive` or fix the configuration manually
Service startup refused

What happened:
service startup refused: privileged-exec: privileged tools are enabled without Bubblewrap sandboxing; run `or3-intern doctor --fix --interactive` or fix the configuration manually

Fix:
Review the details and retry.

Try:
or3-intern status
2026/04/30 21:10:29 or3-intern service listening on 100.82.202.111:9100
service error: listen tcp 100.82.202.111:9100: bind: address already in use
Service startup refused

What happened:
service startup refused: privileged-exec: privileged tools are enabled without Bubblewrap sandboxing; run `or3-intern doctor --fix --interactive` or fix the configuration manually

Fix:
Review the details and retry.

Try:
or3-intern status
service error: service startup refused: privileged-exec: privileged tools are enabled without Bubblewrap sandboxing; run `or3-intern doctor --fix --interactive` or fix the configuration manually
2026/05/01 06:36:39 or3-intern service listening on 100.82.202.111:9100
2026/05/01 06:36:39 service GET /internal/v1/capabilities -> 200
2026/05/01 06:36:42 service GET /internal/v1/approvals -> 200
2026/05/01 06:36:46 service GET /internal/v1/approvals -> 200
2026/05/01 06:36:50 service GET /internal/v1/approvals -> 200
2026/05/01 06:36:57 service GET /internal/v1/approvals -> 200
2026/05/01 06:36:57 service GET /internal/v1/approvals -> 200
2026/05/01 06:36:57 service GET /internal/v1/health -> 200
2026/05/01 06:36:57 service GET /internal/v1/approvals -> 200
2026/05/01 06:36:57 service GET /internal/v1/readiness -> 200
2026/05/01 06:36:57 service GET /internal/v1/capabilities -> 200
2026/05/01 06:37:05 service GET /internal/v1/approvals -> 200
2026/05/01 06:37:07 service GET /internal/v1/files/roots -> 200
2026/05/01 06:37:07 service POST /internal/v1/terminal/sessions -> 409
2026/05/01 06:37:07 service GET /internal/v1/health -> 200
2026/05/01 06:37:07 service GET /internal/v1/readiness -> 200
2026/05/01 06:37:07 service GET /internal/v1/capabilities -> 200
2026/05/01 06:37:12 service GET /internal/v1/approvals -> 200
2026/05/01 06:37:12 service GET /internal/v1/approvals -> 200
2026/05/01 06:37:15 service GET /internal/v1/approvals -> 200
2026/05/01 06:37:19 service GET /internal/v1/approvals -> 200
2026/05/01 06:37:20 service GET /internal/v1/approvals -> 200
2026/05/01 06:37:27 service GET /internal/v1/approvals -> 200
2026/05/01 06:37:27 service GET /internal/v1/approvals -> 200
2026/05/01 06:37:35 service GET /internal/v1/approvals -> 200
2026/05/01 06:37:37 service GET /internal/v1/files/roots -> 200
2026/05/01 06:37:37 service POST /internal/v1/terminal/sessions -> 409
2026/05/01 06:37:37 service GET /internal/v1/health -> 200
2026/05/01 06:37:37 service GET /internal/v1/readiness -> 200
2026/05/01 06:37:37 service GET /internal/v1/capabilities -> 200
2026/05/01 06:37:42 service GET /internal/v1/approvals -> 200
2026/05/01 06:37:42 service GET /internal/v1/approvals -> 200
2026/05/01 06:37:45 service GET /internal/v1/approvals -> 200
2026/05/01 06:37:48 service GET /internal/v1/approvals -> 200
2026/05/01 06:37:48 service GET /internal/v1/readiness -> 200
2026/05/01 06:37:48 service GET /internal/v1/health -> 200
2026/05/01 06:37:48 service GET /internal/v1/approvals -> 200
2026/05/01 06:37:48 service GET /internal/v1/capabilities -> 200
2026/05/01 06:37:57 service GET /internal/v1/approvals -> 200
2026/05/01 06:37:57 service GET /internal/v1/approvals -> 200
2026/05/01 06:38:03 service GET /internal/v1/approvals -> 200
2026/05/01 06:38:03 service GET /internal/v1/files/roots -> 200
2026/05/01 06:38:03 service POST /internal/v1/terminal/sessions -> 409
2026/05/01 06:38:03 service GET /internal/v1/health -> 200
2026/05/01 06:38:03 service GET /internal/v1/readiness -> 200
2026/05/01 06:38:03 service GET /internal/v1/capabilities -> 200
2026/05/01 06:38:10 service GET /internal/v1/approvals -> 200
2026/05/01 06:38:10 service GET /internal/v1/approvals -> 200
2026/05/01 06:38:10 service GET /internal/v1/approvals/allowlists -> 200
2026/05/01 06:38:12 service GET /internal/v1/approvals -> 200
2026/05/01 06:38:12 service GET /internal/v1/approvals -> 200
2026/05/01 06:38:13 service GET /internal/v1/approvals/undefined -> 400
2026/05/01 06:38:14 service GET /internal/v1/approvals/undefined -> 400
2026/05/01 06:38:18 service GET /internal/v1/approvals/undefined -> 400
2026/05/01 06:38:18 service GET /internal/v1/approvals/undefined -> 400
2026/05/01 06:38:18 service GET /internal/v1/approvals/undefined -> 400
2026/05/01 06:38:18 service GET /internal/v1/approvals/undefined -> 400
2026/05/01 06:38:20 service GET /internal/v1/approvals -> 200
2026/05/01 06:38:24 service GET /internal/v1/approvals -> 200
2026/05/01 06:38:25 service GET /internal/v1/approvals -> 200
2026/05/01 06:38:27 service GET /internal/v1/approvals -> 200
2026/05/01 06:38:27 service GET /internal/v1/approvals -> 200
2026/05/01 06:38:31 service GET /internal/v1/files/roots -> 200
2026/05/01 06:38:31 service POST /internal/v1/terminal/sessions -> 409
2026/05/01 06:38:31 service GET /internal/v1/health -> 200
2026/05/01 06:38:31 service GET /internal/v1/capabilities -> 200
2026/05/01 06:38:31 service GET /internal/v1/readiness -> 200
2026/05/01 06:38:33 service GET /internal/v1/health -> 200
2026/05/01 06:38:33 service GET /internal/v1/approvals -> 200
2026/05/01 06:38:33 service GET /internal/v1/readiness -> 200
2026/05/01 06:38:33 service GET /internal/v1/capabilities -> 200
2026/05/01 06:38:33 service GET /internal/v1/approvals -> 200
2026/05/01 06:38:35 service GET /internal/v1/health -> 200
2026/05/01 06:38:35 service GET /internal/v1/approvals -> 200
2026/05/01 06:38:35 service GET /internal/v1/readiness -> 200
2026/05/01 06:38:35 service GET /internal/v1/approvals -> 200
2026/05/01 06:38:35 service GET /internal/v1/capabilities -> 200
2026/05/01 06:38:36 service GET /internal/v1/approvals -> 200
2026/05/01 06:38:36 service GET /internal/v1/approvals -> 200
2026/05/01 06:38:36 service GET /internal/v1/approvals/allowlists -> 200
2026/05/01 06:38:38 service GET /internal/v1/approvals -> 200
2026/05/01 06:38:42 service GET /internal/v1/approvals -> 200
2026/05/01 06:38:42 service GET /internal/v1/approvals -> 200
2026/05/01 06:38:42 service GET /internal/v1/approvals/undefined -> 400
2026/05/01 06:38:42 service GET /internal/v1/approvals/undefined -> 400
2026/05/01 06:38:43 service GET /internal/v1/approvals/undefined -> 400
2026/05/01 06:38:44 service GET /internal/v1/approvals/undefined -> 400
2026/05/01 06:38:45 service GET /internal/v1/approvals/undefined -> 400
2026/05/01 06:38:51 service GET /internal/v1/approvals -> 200
2026/05/01 06:38:57 service GET /internal/v1/approvals -> 200
2026/05/01 06:38:57 service GET /internal/v1/approvals -> 200
2026/05/01 06:39:02 service GET /internal/v1/approvals -> 200
2026/05/01 06:39:07 service GET /internal/v1/approvals -> 200
2026/05/01 06:39:07 service GET /internal/v1/approvals -> 200
2026/05/01 06:39:08 service GET /internal/v1/approvals/undefined -> 400
2026/05/01 06:39:34 or3-intern service listening on 100.82.202.111:9100
service error: listen tcp 100.82.202.111:9100: bind: address already in use
